2026-04-22 14:24:43 [INFO] Database initialized / migrated OK.
2026-04-22 14:26:48 [INFO] Database initialized / migrated OK.
2026-04-22 14:26:50 [INFO] Database initialized / migrated OK.
2026-04-22 14:27:48 [INFO] Database initialized / migrated OK.
2026-04-22 14:27:54 [INFO] Database initialized / migrated OK.
2026-04-22 14:28:09 [INFO] Database initialized / migrated OK.
2026-04-22 14:28:14 [INFO] Database initialized / migrated OK.
2026-04-22 14:28:17 [INFO] Database initialized / migrated OK.
2026-04-22 14:28:17 [INFO] Database initialized / migrated OK.
2026-04-22 14:28:22 [INFO] Database initialized / migrated OK.
2026-04-22 14:28:24 [INFO] Database initialized / migrated OK.
2026-04-22 14:28:24 [INFO] Database initialized / migrated OK.
2026-04-22 14:28:29 [INFO] Database initialized / migrated OK.
2026-04-22 14:28:31 [INFO] Database initialized / migrated OK.
2026-04-22 14:28:32 [INFO] Database initialized / migrated OK.
2026-04-22 14:28:36 [INFO] Database initialized / migrated OK.
2026-04-22 14:28:38 [INFO] Database initialized / migrated OK.
2026-04-22 14:28:38 [INFO] Database initialized / migrated OK.
2026-04-22 14:28:50 [INFO] Database initialized / migrated OK.
2026-04-22 14:28:52 [INFO] Database initialized / migrated OK.
2026-04-22 14:28:52 [INFO] Database initialized / migrated OK.
2026-04-22 14:28:59 [INFO] Database initialized / migrated OK.
2026-04-22 14:29:00 [INFO] Database initialized / migrated OK.
2026-04-22 14:29:01 [INFO] Database initialized / migrated OK.
2026-04-22 14:29:06 [INFO] Database initialized / migrated OK.
2026-04-22 14:29:08 [INFO] Database initialized / migrated OK.
2026-04-22 14:29:08 [INFO] Database initialized / migrated OK.
2026-04-22 14:29:12 [INFO] Database initialized / migrated OK.
2026-04-22 14:29:14 [INFO] Database initialized / migrated OK.
2026-04-22 14:29:14 [INFO] Database initialized / migrated OK.
2026-04-22 14:29:19 [INFO] Database initialized / migrated OK.
2026-04-22 14:29:21 [INFO] Database initialized / migrated OK.
2026-04-22 14:29:22 [INFO] Database initialized / migrated OK.
2026-04-22 14:29:27 [INFO] Database initialized / migrated OK.
2026-04-22 14:29:28 [INFO] Database initialized / migrated OK.
2026-04-22 14:29:28 [INFO] Database initialized / migrated OK.
2026-04-22 14:29:33 [INFO] Database initialized / migrated OK.
2026-04-22 14:29:35 [INFO] Database initialized / migrated OK.
2026-04-22 14:29:35 [INFO] Database initialized / migrated OK.
2026-04-22 14:29:38 [INFO] Database initialized / migrated OK.
2026-04-22 14:29:40 [INFO] Database initialized / migrated OK.
2026-04-22 14:29:41 [INFO] Database initialized / migrated OK.
2026-04-22 14:29:45 [INFO] Database initialized / migrated OK.
2026-04-22 14:29:47 [INFO] Database initialized / migrated OK.
2026-04-22 14:29:47 [INFO] Database initialized / migrated OK.
2026-04-22 14:29:52 [INFO] Database initialized / migrated OK.
2026-04-22 14:30:29 [INFO] Database initialized / migrated OK.
2026-04-22 14:30:33 [INFO] Database initialized / migrated OK.
2026-04-22 14:31:19 [INFO] Database initialized / migrated OK.
2026-04-22 14:31:23 [INFO] Database initialized / migrated OK.
2026-04-22 14:31:31 [INFO] Database initialized / migrated OK.
2026-04-22 14:31:34 [INFO] Database initialized / migrated OK.
2026-04-22 14:31:42 [INFO] Database initialized / migrated OK.
2026-04-22 14:31:55 [INFO] Database initialized / migrated OK.
2026-04-22 14:31:55 [INFO] Recorded Principal_Repayment for 7d66a825-a9a0-45c3-8665-74199795da6e
2026-04-22 14:31:56 [INFO] Database initialized / migrated OK.
2026-04-22 14:32:19 [INFO] Database initialized / migrated OK.
2026-04-22 14:32:24 [INFO] Database initialized / migrated OK.
2026-04-22 14:32:26 [INFO] Database initialized / migrated OK.
2026-04-22 14:32:26 [INFO] Recorded Principal_Repayment for 7d66a825-a9a0-45c3-8665-74199795da6e
2026-04-22 14:32:26 [INFO] Database initialized / migrated OK.
2026-04-22 14:32:29 [INFO] Database initialized / migrated OK.
2026-04-22 14:32:31 [INFO] Database initialized / migrated OK.
2026-04-22 14:32:46 [INFO] Database initialized / migrated OK.
2026-04-22 14:33:30 [INFO] Database initialized / migrated OK.
2026-04-22 14:33:35 [INFO] Database initialized / migrated OK.
2026-04-22 14:33:42 [INFO] Database initialized / migrated OK.
2026-04-22 14:33:55 [INFO] Database initialized / migrated OK.
2026-04-22 14:35:52 [INFO] Database initialized / migrated OK.
2026-04-22 14:35:52 [INFO] Added security: INE0JZO07040
2026-04-22 14:35:52 [INFO] Database initialized / migrated OK.
2026-04-22 14:35:57 [INFO] Database initialized / migrated OK.
2026-04-22 14:36:02 [INFO] Database initialized / migrated OK.
2026-04-22 14:36:05 [INFO] Database initialized / migrated OK.
2026-04-22 14:36:08 [INFO] Database initialized / migrated OK.
2026-04-22 14:36:40 [INFO] Database initialized / migrated OK.
2026-04-22 14:36:40 [INFO] Recorded Buy for c1001817-5ce7-4a65-b6c5-8a48156fb1f9
2026-04-22 14:36:40 [INFO] Database initialized / migrated OK.
2026-04-22 14:36:49 [INFO] Database initialized / migrated OK.
2026-04-22 14:36:51 [INFO] Database initialized / migrated OK.
2026-04-22 14:38:34 [INFO] Database initialized / migrated OK.
2026-04-22 14:38:35 [INFO] Added security: INE104W07245
2026-04-22 14:38:35 [INFO] Database initialized / migrated OK.
2026-04-22 14:38:40 [INFO] Database initialized / migrated OK.
2026-04-22 14:38:45 [INFO] Database initialized / migrated OK.
2026-04-22 14:38:48 [INFO] Database initialized / migrated OK.
2026-04-22 14:38:51 [INFO] Database initialized / migrated OK.
2026-04-22 14:39:12 [INFO] Database initialized / migrated OK.
2026-04-22 14:39:12 [INFO] Recorded Buy for ace37aa2-5165-4801-b62e-1358cf0a0015
2026-04-22 14:39:12 [INFO] Database initialized / migrated OK.
2026-04-22 14:39:17 [INFO] Database initialized / migrated OK.
2026-04-22 14:40:39 [INFO] Database initialized / migrated OK.
2026-04-22 14:41:06 [INFO] Database initialized / migrated OK.
2026-04-22 14:41:12 [INFO] Database initialized / migrated OK.
2026-04-22 14:42:56 [INFO] Database initialized / migrated OK.
2026-04-22 14:42:56 [INFO] Added security: INE08XP07464
2026-04-22 14:42:57 [INFO] Database initialized / migrated OK.
2026-04-22 14:43:05 [INFO] Database initialized / migrated OK.
2026-04-22 14:43:10 [INFO] Database initialized / migrated OK.
2026-04-22 14:43:14 [INFO] Database initialized / migrated OK.
2026-04-22 14:43:22 [INFO] Database initialized / migrated OK.
2026-04-22 14:43:47 [INFO] Database initialized / migrated OK.
2026-04-22 14:43:47 [INFO] Recorded Buy for 08410c3a-6f33-4d8c-92f1-588a54de1385
2026-04-22 14:43:48 [INFO] Database initialized / migrated OK.
2026-04-22 14:43:52 [INFO] Database initialized / migrated OK.
2026-04-22 14:44:11 [INFO] Database initialized / migrated OK.
2026-04-22 14:44:55 [INFO] Database initialized / migrated OK.
2026-04-22 14:49:17 [INFO] Database initialized / migrated OK.
2026-04-22 14:49:46 [INFO] Database initialized / migrated OK.
2026-04-22 14:49:50 [INFO] Database initialized / migrated OK.
2026-04-22 14:49:57 [INFO] Database initialized / migrated OK.
2026-04-22 14:51:04 [INFO] Database initialized / migrated OK.
2026-04-22 14:51:05 [INFO] Added security: INE00DJ07052
2026-04-22 14:51:05 [INFO] Database initialized / migrated OK.
2026-04-22 14:51:08 [INFO] Database initialized / migrated OK.
2026-04-22 14:51:16 [INFO] Database initialized / migrated OK.
2026-04-22 14:51:20 [INFO] Database initialized / migrated OK.
2026-04-22 14:51:34 [INFO] Database initialized / migrated OK.
2026-04-22 14:51:53 [INFO] Database initialized / migrated OK.
2026-04-22 14:51:53 [INFO] Recorded Buy for 611ca1e7-85b0-479f-a6d9-beb917e57bce
2026-04-22 14:51:53 [INFO] Database initialized / migrated OK.
2026-04-22 14:51:58 [INFO] Database initialized / migrated OK.
2026-04-22 14:53:27 [INFO] Database initialized / migrated OK.
2026-04-22 14:54:00 [INFO] Database initialized / migrated OK.
2026-04-22 14:54:05 [INFO] Database initialized / migrated OK.
2026-04-22 14:54:15 [INFO] Database initialized / migrated OK.
2026-04-22 14:54:37 [INFO] Database initialized / migrated OK.
2026-04-22 14:54:38 [INFO] Recorded Buy for 611ca1e7-85b0-479f-a6d9-beb917e57bce
2026-04-22 14:54:38 [INFO] Database initialized / migrated OK.
2026-04-22 14:54:46 [INFO] Database initialized / migrated OK.
2026-04-22 14:55:20 [INFO] Database initialized / migrated OK.
2026-04-22 14:55:26 [INFO] Database initialized / migrated OK.
2026-04-22 14:55:40 [INFO] Database initialized / migrated OK.
2026-04-22 14:55:45 [INFO] Database initialized / migrated OK.
2026-04-22 14:56:06 [INFO] Database initialized / migrated OK.
2026-04-22 14:56:23 [INFO] Database initialized / migrated OK.
2026-04-22 14:56:23 [INFO] Recorded Buy for c1001817-5ce7-4a65-b6c5-8a48156fb1f9
2026-04-22 14:56:23 [INFO] Database initialized / migrated OK.
2026-04-22 14:56:29 [INFO] Database initialized / migrated OK.
2026-04-22 14:57:14 [INFO] Database initialized / migrated OK.
2026-04-22 14:57:25 [INFO] Database initialized / migrated OK.
2026-04-22 14:57:36 [INFO] Database initialized / migrated OK.
2026-04-22 14:57:54 [INFO] Database initialized / migrated OK.
2026-04-22 14:57:55 [INFO] Recorded Buy for 08410c3a-6f33-4d8c-92f1-588a54de1385
2026-04-22 14:57:55 [INFO] Database initialized / migrated OK.
2026-04-22 14:58:13 [INFO] Database initialized / migrated OK.
2026-04-22 14:58:38 [INFO] Database initialized / migrated OK.
2026-04-22 14:58:43 [INFO] Database initialized / migrated OK.
2026-04-22 14:58:55 [INFO] Database initialized / migrated OK.
2026-04-22 14:59:15 [INFO] Database initialized / migrated OK.
2026-04-22 14:59:15 [INFO] Recorded Buy for ace37aa2-5165-4801-b62e-1358cf0a0015
2026-04-22 14:59:15 [INFO] Database initialized / migrated OK.
2026-04-22 14:59:31 [INFO] Database initialized / migrated OK.
2026-04-22 14:59:36 [INFO] Database initialized / migrated OK.
2026-04-22 14:59:46 [INFO] Database initialized / migrated OK.
2026-04-22 14:59:59 [INFO] Database initialized / migrated OK.
2026-04-22 15:00:03 [INFO] Database initialized / migrated OK.
2026-04-22 15:01:18 [INFO] Database initialized / migrated OK.
2026-04-22 15:01:18 [INFO] Added security: INE836B08319
2026-04-22 15:01:18 [INFO] Database initialized / migrated OK.
2026-04-22 15:01:52 [INFO] Database initialized / migrated OK.
2026-04-22 15:01:52 [INFO] Added security: INE836B08327
2026-04-22 15:01:52 [INFO] Database initialized / migrated OK.
2026-04-22 15:01:55 [INFO] Database initialized / migrated OK.
2026-04-22 15:02:02 [INFO] Database initialized / migrated OK.
2026-04-22 15:02:06 [INFO] Database initialized / migrated OK.
2026-04-22 15:02:27 [INFO] Database initialized / migrated OK.
2026-04-22 15:02:28 [INFO] Recorded Buy for 7561e914-3696-46f4-9d0c-0b6ba79f8d66
2026-04-22 15:02:28 [INFO] Database initialized / migrated OK.
2026-04-22 15:02:38 [INFO] Database initialized / migrated OK.
2026-04-22 15:02:45 [INFO] Database initialized / migrated OK.
2026-04-22 15:03:15 [INFO] Database initialized / migrated OK.
2026-04-22 15:03:16 [INFO] Recorded Buy for f6ec00ab-ae40-40be-aa30-41103abec798
2026-04-22 15:03:16 [INFO] Database initialized / migrated OK.
2026-04-22 15:03:21 [INFO] Database initialized / migrated OK.
2026-04-22 15:03:29 [INFO] Database initialized / migrated OK.
2026-04-22 15:03:59 [INFO] Database initialized / migrated OK.
2026-04-22 15:06:02 [INFO] Database initialized / migrated OK.
2026-04-22 15:06:02 [INFO] Added security: INE09B308044
2026-04-22 15:06:02 [INFO] Database initialized / migrated OK.
2026-04-22 15:06:11 [INFO] Database initialized / migrated OK.
2026-04-22 15:06:16 [INFO] Database initialized / migrated OK.
2026-04-22 15:06:19 [INFO] Database initialized / migrated OK.
2026-04-22 15:06:36 [INFO] Database initialized / migrated OK.
2026-04-22 15:06:36 [INFO] Recorded Buy for 8c92374c-b19e-4ce2-83e0-c6e1d8a941d8
2026-04-22 15:06:36 [INFO] Database initialized / migrated OK.
2026-04-22 15:06:54 [INFO] Database initialized / migrated OK.
2026-04-22 15:06:57 [INFO] Database initialized / migrated OK.
2026-04-22 15:07:01 [INFO] Database initialized / migrated OK.
2026-04-22 15:07:11 [INFO] Database initialized / migrated OK.
2026-04-22 15:07:14 [INFO] Database initialized / migrated OK.
2026-04-22 15:07:25 [INFO] Database initialized / migrated OK.
2026-04-22 15:07:25 [INFO] Updated security: c6e2b965-c52e-49a2-bfe2-45cad49d2981
2026-04-22 15:07:25 [INFO] Database initialized / migrated OK.
2026-04-22 15:07:30 [INFO] Database initialized / migrated OK.
2026-04-22 15:07:35 [INFO] Database initialized / migrated OK.
2026-04-22 15:07:35 [INFO] Updated security: 922e7bfc-8b69-4883-a625-cbd9b148d1b6
2026-04-22 15:07:35 [INFO] Database initialized / migrated OK.
2026-04-22 15:07:38 [INFO] Database initialized / migrated OK.
2026-04-22 15:07:41 [INFO] Database initialized / migrated OK.
2026-04-22 15:07:48 [INFO] Database initialized / migrated OK.
2026-04-22 15:09:25 [INFO] Database initialized / migrated OK.
2026-04-22 15:09:25 [INFO] Added security: INE583D08115
2026-04-22 15:09:25 [INFO] Database initialized / migrated OK.
2026-04-22 15:09:28 [INFO] Database initialized / migrated OK.
2026-04-22 15:09:34 [INFO] Database initialized / migrated OK.
2026-04-22 15:09:42 [INFO] Database initialized / migrated OK.
2026-04-22 15:09:59 [INFO] Database initialized / migrated OK.
2026-04-22 15:10:00 [INFO] Recorded Buy for 3026e0b7-8a24-47f8-90be-9cd6170a5918
2026-04-22 15:10:00 [INFO] Database initialized / migrated OK.
2026-04-22 15:10:02 [INFO] Database initialized / migrated OK.
2026-04-22 15:11:12 [INFO] Database initialized / migrated OK.
2026-04-22 15:13:32 [INFO] Database initialized / migrated OK.
2026-04-22 15:13:38 [INFO] Database initialized / migrated OK.
2026-04-22 15:13:40 [INFO] Database initialized / migrated OK.
2026-04-22 15:15:14 [INFO] Database initialized / migrated OK.
2026-04-22 15:22:33 [INFO] Database initialized / migrated OK.
2026-04-22 15:22:51 [INFO] Database initialized / migrated OK.
2026-04-22 15:23:20 [INFO] Database initialized / migrated OK.
2026-04-22 15:23:31 [INFO] Database initialized / migrated OK.
